#
# A fatal error has been detected by the Java Runtime Environment:
#
#  SIGSEGV (0xb) at pc=0x00007f6e7fdb81ae, pid=3012, tid=0x00007f6e62dbc700
#
# JRE version: OpenJDK Runtime Environment (8.0_171-b10) (build 1.8.0_171-b10)
# Java VM: OpenJDK 64-Bit Server VM (25.171-b10 mixed mode linux-amd64 compressed oops)
# Problematic frame:
# C  [libz.so.1+0x81ae]
#
# Core dump written. Default location: /home/mizar/Desktop/gestion-de-contactos/GestorContactos/core or core.3012
#
# If you would like to submit a bug report, please visit:
#   http://bugreport.java.com/bugreport/crash.jsp
# The crash happened outside the Java Virtual Machine in native code.
# See problematic frame for where to report the bug.
#

---------------  T H R E A D  ---------------

Current thread (0x00007f6e78091130):  JavaThread "Finalizer" daemon [_thread_in_native, id=3024, stack(0x00007f6e62cbc000,0x00007f6e62dbd000)]

siginfo: si_signo: 11 (SIGSEGV), si_code: 128 (SI_KERNEL), si_addr: 0x0000000000000000

Registers:
RAX=0x0000000000000001, RBX=0x00007f6e08029300, RCX=0x636f6c206e6f6974, RDX=0x636170736174654d
RSP=0x00007f6e62dbb688, RBP=0x00000000fffffffe, RSI=0x00007f6e62dbb738, RDI=0x00007f6e08029300
R8 =0x00007f6e68187cc8, R9 =0x0000000000000001, R10=0x00007f6e69017afb, R11=0x00007f6e7ef9d8e0
R12=0x00007f6e78091388, R13=0x00007f6e683ebfc8, R14=0x00007f6e62dbb750, R15=0x00007f6e78091130
RIP=0x00007f6e7fdb81ae, EFLAGS=0x0000000000010206, CSGSFS=0x002b000000000033, ERR=0x0000000000000000
  TRAPNO=0x000000000000000d

Top of Stack: (sp=0x00007f6e62dbb688)
0x00007f6e62dbb688:   00007f6e7fdba30c 00007f6e62dbb7c0
0x00007f6e62dbb698:   00007f6e08029300 00007f6e62dbb6c0
0x00007f6e62dbb6a8:   00007f6e7d0739a9 00007f6e683ebfc8
0x00007f6e62dbb6b8:   0000000000000000 00007f6e62dbb728
0x00007f6e62dbb6c8:   00007f6e69017b27 00007f6e62dbb6f0
0x00007f6e62dbb6d8:   00007f6e7ee9ddb0 00007f6e78091130
0x00007f6e62dbb6e8:   00007f6e62dbb6e8 0000000000000000
0x00007f6e62dbb6f8:   00007f6e62dbb750 00007f6e683ec0e0
0x00007f6e62dbb708:   0000000000000000 00007f6e683ebfc8
0x00007f6e62dbb718:   0000000000000000 00007f6e62dbb748
0x00007f6e62dbb728:   00007f6e62dbb7a8 00007f6e69007ffd
0x00007f6e62dbb738:   00000007889b4d60 00007f6e69011918
0x00007f6e62dbb748:   00007f6e08029300 0000000788e69030
0x00007f6e62dbb758:   0000000000000009 0000000788e69030
0x00007f6e62dbb768:   00007f6e62dbb758 00007f6e683eb90d
0x00007f6e62dbb778:   00007f6e62dbb7d8 00007f6e683ec0e0
0x00007f6e62dbb788:   0000000000000000 00007f6e683eb960
0x00007f6e62dbb798:   00007f6e62dbb748 00007f6e62dbb7d8
0x00007f6e62dbb7a8:   00007f6e62dbb820 00007f6e69007ffd
0x00007f6e62dbb7b8:   0000000000000000 00007f6e08029300
0x00007f6e62dbb7c8:   0000000000000000 0000000788e69030
0x00007f6e62dbb7d8:   0000000788e5c538 00007f6e62dbb7e0
0x00007f6e62dbb7e8:   00007f6e683eb9e9 00007f6e62dbb830
0x00007f6e62dbb7f8:   00007f6e683ec0e0 0000000000000000
0x00007f6e62dbb808:   00007f6e683eba08 00007f6e62dbb7d8
0x00007f6e62dbb818:   00007f6e62dbb830 00007f6e62dbb878
0x00007f6e62dbb828:   00007f6e69007ffd 0000000788e5c538
0x00007f6e62dbb838:   00007f6e62dbb838 00007f6e6832d551
0x00007f6e62dbb848:   00007f6e62dbb890 00007f6e6832d608
0x00007f6e62dbb858:   0000000000000000 00007f6e6832d580
0x00007f6e62dbb868:   00007f6e62dbb830 00007f6e62dbb888
0x00007f6e62dbb878:   00007f6e62dbb8e8 00007f6e69008042 

Instructions: (pc=0x00007f6e7fdb81ae)
0x00007f6e7fdb818e:   1f 00 45 89 fc e9 02 ff ff ff 0f 1f 84 00 00 00
0x00007f6e7fdb819e:   00 00 48 8b 57 38 b8 01 00 00 00 48 85 d2 74 05
0x00007f6e7fdb81ae:   48 3b 3a 74 05 c3 0f 1f 40 00 8b 42 08 2d 34 3f
0x00007f6e7fdb81be:   00 00 83 f8 1f 0f 97 c0 0f b6 c0 c3 66 0f 1f 44 

Register to memory mapping:

RAX=0x0000000000000001 is an unknown value
RBX=0x00007f6e08029300 is an unknown value
RCX=0x636f6c206e6f6974 is an unknown value
RDX=0x636170736174654d is an unknown value
RSP=0x00007f6e62dbb688 is pointing into the stack for thread: 0x00007f6e78091130
RBP=0x00000000fffffffe is an unknown value
RSI=0x00007f6e62dbb738 is pointing into the stack for thread: 0x00007f6e78091130
RDI=0x00007f6e08029300 is an unknown value
R8 ={method} {0x00007f6e68187cc8} 'finalize' '()V' in 'java/lang/Object'
R9 =0x0000000000000001 is an unknown value
R10=0x00007f6e69017afb is at code_begin+859 in an Interpreter codelet
method entry point (kind = native)  [0x00007f6e690177a0, 0x00007f6e69018120]  2432 bytes
R11=0x00007f6e7ef9d8e0: <offset 0x9658e0> in /usr/lib/jvm/java-1.8.0-openjdk-1.8.0.171-4.b10.fc28.x86_64/jre/lib/amd64/server/libjvm.so at 0x00007f6e7e638000
R12=0x00007f6e78091388 is an unknown value
R13={method} {0x00007f6e683ebfc8} 'end' '(J)V' in 'java/util/zip/Inflater'
R14=0x00007f6e62dbb750 is pointing into the stack for thread: 0x00007f6e78091130
R15=0x00007f6e78091130 is a thread


Stack: [0x00007f6e62cbc000,0x00007f6e62dbd000],  sp=0x00007f6e62dbb688,  free space=1021k
Native frames: (J=compiled Java code, j=interpreted, Vv=VM code, C=native code)
C  [libz.so.1+0x81ae]

Java frames: (J=compiled Java code, j=interpreted, Vv=VM code)
j  java.util.zip.Inflater.end(J)V+0
j  java.util.zip.Inflater.end()V+29
j  java.util.zip.Inflater.finalize()V+1
j  java.lang.System$2.invokeFinalize(Ljava/lang/Object;)V+1
j  java.lang.ref.Finalizer.runFinalizer(Lsun/misc/JavaLangAccess;)V+46
j  java.lang.ref.Finalizer.access$100(Ljava/lang/ref/Finalizer;Lsun/misc/JavaLangAccess;)V+2
j  java.lang.ref.Finalizer$FinalizerThread.run()V+45
v  ~StubRoutines::call_stub

---------------  P R O C E S S  ---------------

Java Threads: ( => current thread )
  0x00007f6e7800aa10 JavaThread "DestroyJavaVM" [_thread_blocked, id=3017, stack(0x00007f6e8030e000,0x00007f6e8040e000)]
  0x00007f6e08019ad0 JavaThread "TimerQueue" daemon [_thread_blocked, id=3035, stack(0x00007f6e5ad4f000,0x00007f6e5ae50000)]
  0x00007f6e7828c770 JavaThread "AWT-EventQueue-0" [_thread_blocked, id=3034, stack(0x00007f6e5bcfd000,0x00007f6e5bdfe000)]
  0x00007f6e7828b500 JavaThread "AWT-Shutdown" [_thread_blocked, id=3033, stack(0x00007f6e5bdfe000,0x00007f6e5beff000)]
  0x00007f6e78238e00 JavaThread "AWT-XAWT" daemon [_thread_in_native, id=3032, stack(0x00007f6e5beff000,0x00007f6e5c000000)]
  0x00007f6e7820f340 JavaThread "Java2D Disposer" daemon [_thread_blocked, id=3031, stack(0x00007f6e6050f000,0x00007f6e60610000)]
  0x00007f6e780d6c40 JavaThread "Service Thread" daemon [_thread_blocked, id=3029, stack(0x00007f6e627b7000,0x00007f6e628b8000)]
  0x00007f6e780ca500 JavaThread "C1 CompilerThread2" daemon [_thread_blocked, id=3028, stack(0x00007f6e628b9000,0x00007f6e629b9000)]
  0x00007f6e7801c4d0 JavaThread "C2 CompilerThread1" daemon [_thread_blocked, id=3027, stack(0x00007f6e629ba000,0x00007f6e62aba000)]
  0x00007f6e780bc3a0 JavaThread "C2 CompilerThread0" daemon [_thread_blocked, id=3026, stack(0x00007f6e62abb000,0x00007f6e62bbb000)]
  0x00007f6e780baa10 JavaThread "Signal Dispatcher" daemon [_thread_blocked, id=3025, stack(0x00007f6e62bbb000,0x00007f6e62cbc000)]
=>0x00007f6e78091130 JavaThread "Finalizer" daemon [_thread_in_native, id=3024, stack(0x00007f6e62cbc000,0x00007f6e62dbd000)]
  0x00007f6e7808d0c0 JavaThread "Reference Handler" daemon [_thread_blocked, id=3023, stack(0x00007f6e62dbd000,0x00007f6e62ebe000)]

Other Threads:
  0x00007f6e78083c40 VMThread [stack: 0x00007f6e62ebf000,0x00007f6e62fbf000] [id=3022]
  0x00007f6e780d8ad0 WatcherThread [stack: 0x00007f6e626b7000,0x00007f6e627b7000] [id=3030]

VM state:not at safepoint (normal execution)

VM Mutex/Monitor currently owned by a thread: None

Heap:
 PSYoungGen      total 52736K, used 9851K [0x0000000785b00000, 0x0000000789580000, 0x00000007c0000000)
  eden space 45568K, 5% used [0x0000000785b00000,0x0000000785da6ce8,0x0000000788780000)
  from space 7168K, 99% used [0x0000000788780000,0x0000000788e78010,0x0000000788e80000)
  to   space 7168K, 0% used [0x0000000788e80000,0x0000000788e80000,0x0000000789580000)
 ParOldGen       total 120320K, used 501K [0x0000000711000000, 0x0000000718580000, 0x0000000785b00000)
  object space 120320K, 0% used [0x0000000711000000,0x000000071107d7e0,0x0000000718580000)
 Metaspace       used 19014K, capacity 20138K, committed 20352K, reserved 1067008K
  class space    used 2095K, capacity 2357K, committed 2432K, reserved 1048576K

Card table byte_map: [0x00007f6e7c737000,0x00007f6e7ccb0000] byte_map_base: 0x00007f6e78eaf000

Marking Bits: (ParMarkBitMap*) 0x00007f6e7f5bb3c0
 Begin Bits: [0x00007f6e46880000, 0x00007f6e49440000)
 End Bits:   [0x00007f6e49440000, 0x00007f6e4c000000)

Polling page: 0x00007f6e80413000

CodeCache: size=245760Kb used=7099Kb max_used=7111Kb free=238660Kb
 bounds [0x00007f6e69000000, 0x00007f6e69700000, 0x00007f6e78000000]
 total_blobs=2613 nmethods=2027 adapters=500
 compilation: enabled

Compilation events (10 events):
Event: 19.964 Thread 0x00007f6e780ca500 nmethod 2027 0x00007f6e696eef10 code [0x00007f6e696ef060, 0x00007f6e696ef190]
Event: 19.990 Thread 0x00007f6e780ca500 2028   !   3       java.lang.ref.Reference::tryHandlePending (115 bytes)
Event: 19.992 Thread 0x00007f6e780ca500 nmethod 2028 0x00007f6e696f3f10 code [0x00007f6e696f4140, 0x00007f6e696f4d48]
Event: 19.992 Thread 0x00007f6e780ca500 2029   !   3       java.lang.ref.ReferenceQueue::enqueue (119 bytes)
Event: 19.993 Thread 0x00007f6e780ca500 nmethod 2029 0x00007f6e696f2bd0 code [0x00007f6e696f2d80, 0x00007f6e696f3448]
Event: 19.993 Thread 0x00007f6e780ca500 2031       3       sun.invoke.util.Wrapper::forBasicType (16 bytes)
Event: 19.994 Thread 0x00007f6e780bc3a0 2030       4       java.util.concurrent.ConcurrentHashMap::addCount (292 bytes)
Event: 19.994 Thread 0x00007f6e780ca500 nmethod 2031 0x00007f6e696f3a10 code [0x00007f6e696f3ba0, 0x00007f6e696f3e18]
Event: 19.994 Thread 0x00007f6e780ca500 2032       3       jdk.internal.org.objectweb.asm.AnnotationWriter::<init> (34 bytes)
Event: 19.994 Thread 0x00007f6e780ca500 nmethod 2032 0x00007f6e696f26d0 code [0x00007f6e696f2840, 0x00007f6e696f2ac8]

GC Heap History (2 events):
Event: 19.965 GC heap before
{Heap before GC invocations=1 (full 0):
 PSYoungGen      total 52736K, used 45568K [0x0000000785b00000, 0x0000000789580000, 0x00000007c0000000)
  eden space 45568K, 100% used [0x0000000785b00000,0x0000000788780000,0x0000000788780000)
  from space 7168K, 0% used [0x0000000788e80000,0x0000000788e80000,0x0000000789580000)
  to   space 7168K, 0% used [0x0000000788780000,0x0000000788780000,0x0000000788e80000)
 ParOldGen       total 120320K, used 0K [0x0000000711000000, 0x0000000718580000, 0x0000000785b00000)
  object space 120320K, 0% used [0x0000000711000000,0x0000000711000000,0x0000000718580000)
 Metaspace       used 18993K, capacity 20066K, committed 20352K, reserved 1067008K
  class space    used 2092K, capacity 2355K, committed 2432K, reserved 1048576K
Event: 19.989 GC heap after
Heap after GC invocations=1 (full 0):
 PSYoungGen      total 52736K, used 7136K [0x0000000785b00000, 0x0000000789580000, 0x00000007c0000000)
  eden space 45568K, 0% used [0x0000000785b00000,0x0000000785b00000,0x0000000788780000)
  from space 7168K, 99% used [0x0000000788780000,0x0000000788e78010,0x0000000788e80000)
  to   space 7168K, 0% used [0x0000000788e80000,0x0000000788e80000,0x0000000789580000)
 ParOldGen       total 120320K, used 501K [0x0000000711000000, 0x0000000718580000, 0x0000000785b00000)
  object space 120320K, 0% used [0x0000000711000000,0x000000071107d7e0,0x0000000718580000)
 Metaspace       used 18993K, capacity 20066K, committed 20352K, reserved 1067008K
  class space    used 2092K, capacity 2355K, committed 2432K, reserved 1048576K
}

Deoptimization events (8 events):
Event: 6.937 Thread 0x00007f6e7828c770 Uncommon trap: reason=unstable_if action=reinterpret pc=0x00007f6e69476174 method=java.awt.Component.inside(II)Z @ 9
Event: 14.027 Thread 0x00007f6e7828c770 Uncommon trap: reason=class_check action=maybe_recompile pc=0x00007f6e696afe58 method=java.lang.reflect.Array.newInstance(Ljava/lang/Class;I)Ljava/lang/Object; @ 2
Event: 14.027 Thread 0x00007f6e7828c770 Uncommon trap: reason=class_check action=maybe_recompile pc=0x00007f6e696afe58 method=java.lang.reflect.Array.newInstance(Ljava/lang/Class;I)Ljava/lang/Object; @ 2
Event: 14.028 Thread 0x00007f6e7828c770 Uncommon trap: reason=class_check action=maybe_recompile pc=0x00007f6e696afe58 method=java.lang.reflect.Array.newInstance(Ljava/lang/Class;I)Ljava/lang/Object; @ 2
Event: 14.028 Thread 0x00007f6e7828c770 Uncommon trap: reason=class_check action=maybe_recompile pc=0x00007f6e696afe58 method=java.lang.reflect.Array.newInstance(Ljava/lang/Class;I)Ljava/lang/Object; @ 2
Event: 19.989 Thread 0x00007f6e7828c770 Uncommon trap: reason=unstable_if action=reinterpret pc=0x00007f6e696d29c4 method=java.lang.ref.SoftReference.get()Ljava/lang/Object; @ 17
Event: 19.990 Thread 0x00007f6e7828c770 Uncommon trap: reason=unstable_if action=reinterpret pc=0x00007f6e6934b35c method=java.lang.ref.SoftReference.get()Ljava/lang/Object; @ 17
Event: 19.995 Thread 0x00007f6e78091130 Uncommon trap: reason=unstable_if action=reinterpret pc=0x00007f6e6969c22c method=java.util.HashMap$HashIterator.<init>(Ljava/util/HashMap;)V @ 45

Classes redefined (0 events):
No events

Internal exceptions (10 events):
Event: 15.812 Thread 0x00007f6e7828c770 Exception <a 'java/lang/NoClassDefFoundError'> (0x00000007880129a0) thrown at [/builddir/build/BUILD/java-1.8.0-openjdk-1.8.0.171-4.b10.fc28.x86_64/openjdk/hotspot/src/share/vm/prims/jvm.cpp, line 1449]
Event: 17.780 Thread 0x00007f6e7828c770 Exception <a 'java/lang/NoClassDefFoundError': javax/swing/JTable$$Lambda$17/2111991224> (0x00000007882a5138) thrown at [/builddir/build/BUILD/java-1.8.0-openjdk-1.8.0.171-4.b10.fc28.x86_64/openjdk/hotspot/src/share/vm/oops/constantPool.cpp, line 235]
Event: 17.780 Thread 0x00007f6e7828c770 Exception <a 'java/lang/NoClassDefFoundError'> (0x00000007882a5138) thrown at [/builddir/build/BUILD/java-1.8.0-openjdk-1.8.0.171-4.b10.fc28.x86_64/openjdk/hotspot/src/share/vm/prims/jvm.cpp, line 1449]
Event: 17.780 Thread 0x00007f6e7828c770 Exception <a 'java/lang/NoClassDefFoundError'> (0x00000007882a5138) thrown at [/builddir/build/BUILD/java-1.8.0-openjdk-1.8.0.171-4.b10.fc28.x86_64/openjdk/hotspot/src/share/vm/prims/jvm.cpp, line 1449]
Event: 19.795 Thread 0x00007f6e7828c770 Exception <a 'java/lang/NoClassDefFoundError': javax/swing/JTable$$Lambda$17/2111991224> (0x0000000788532810) thrown at [/builddir/build/BUILD/java-1.8.0-openjdk-1.8.0.171-4.b10.fc28.x86_64/openjdk/hotspot/src/share/vm/oops/constantPool.cpp, line 235]
Event: 19.795 Thread 0x00007f6e7828c770 Exception <a 'java/lang/NoClassDefFoundError'> (0x0000000788532810) thrown at [/builddir/build/BUILD/java-1.8.0-openjdk-1.8.0.171-4.b10.fc28.x86_64/openjdk/hotspot/src/share/vm/prims/jvm.cpp, line 1449]
Event: 19.795 Thread 0x00007f6e7828c770 Exception <a 'java/lang/NoClassDefFoundError'> (0x0000000788532810) thrown at [/builddir/build/BUILD/java-1.8.0-openjdk-1.8.0.171-4.b10.fc28.x86_64/openjdk/hotspot/src/share/vm/prims/jvm.cpp, line 1449]
Event: 19.990 Thread 0x00007f6e7828c770 Exception <a 'java/lang/NoClassDefFoundError': javax/swing/JTable$$Lambda$17/2111991224> (0x0000000785b3b418) thrown at [/builddir/build/BUILD/java-1.8.0-openjdk-1.8.0.171-4.b10.fc28.x86_64/openjdk/hotspot/src/share/vm/oops/constantPool.cpp, line 235]
Event: 19.990 Thread 0x00007f6e7828c770 Exception <a 'java/lang/NoClassDefFoundError'> (0x0000000785b3b418) thrown at [/builddir/build/BUILD/java-1.8.0-openjdk-1.8.0.171-4.b10.fc28.x86_64/openjdk/hotspot/src/share/vm/prims/jvm.cpp, line 1449]
Event: 19.990 Thread 0x00007f6e7828c770 Exception <a 'java/lang/NoClassDefFoundError'> (0x0000000785b3b418) thrown at [/builddir/build/BUILD/java-1.8.0-openjdk-1.8.0.171-4.b10.fc28.x86_64/openjdk/hotspot/src/share/vm/prims/jvm.cpp, line 1449]

Events (10 events):
Event: 19.990 Thread 0x00007f6e7828c770 DEOPT PACKING pc=0x00007f6e6934b35c sp=0x00007f6e5bdf94c0
Event: 19.990 Thread 0x00007f6e7828c770 DEOPT UNPACKING pc=0x00007f6e6904547a sp=0x00007f6e5bdf9420 mode 2
Event: 19.990 loading class java/util/WeakHashMap$EntrySet done
Event: 19.990 loading class java/util/WeakHashMap$EntryIterator
Event: 19.990 loading class java/util/WeakHashMap$HashIterator
Event: 19.990 loading class java/util/WeakHashMap$HashIterator done
Event: 19.990 loading class java/util/WeakHashMap$EntryIterator done
Event: 19.995 Thread 0x00007f6e78091130 Uncommon trap: trap_request=0xffffff65 fr.pc=0x00007f6e6969c22c
Event: 19.995 Thread 0x00007f6e78091130 DEOPT PACKING pc=0x00007f6e6969c22c sp=0x00007f6e62dbb5e0
Event: 19.995 Thread 0x00007f6e78091130 DEOPT UNPACKING pc=0x00007f6e6904547a sp=0x00007f6e62dbb5b0 mode 2


Dynamic libraries:
711000000-718580000 rw-p 00000000 00:00 0 
718580000-785b00000 ---p 00000000 00:00 0 
785b00000-789580000 rw-p 00000000 00:00 0 
789580000-7c0000000 ---p 00000000 00:00 0 
7c0000000-7c0260000 rw-p 00000000 00:00 0 
7c0260000-800000000 ---p 00000000 00:00 0 
55b4ecb82000-55b4ecb83000 r-xp 00000000 fd:00 1982796                    /usr/lib/jvm/java-1.8.0-openjdk-1.8.0.171-4.b10.fc28.x86_64/bin/java
55b4ecd82000-55b4ecd83000 r--p 00000000 fd:00 1982796                    /usr/lib/jvm/java-1.8.0-openjdk-1.8.0.171-4.b10.fc28.x86_64/bin/java
55b4ecd83000-55b4ecd84000 rw-p 00001000 fd:00 1982796                    /usr/lib/jvm/java-1.8.0-openjdk-1.8.0.171-4.b10.fc28.x86_64/bin/java
55b4ee6c3000-55b4ee6e4000 rw-p 00000000 00:00 0                          [heap]
7f6dfc000000-7f6dfc021000 rw-p 00000000 00:00 0 
7f6dfc021000-7f6e00000000 ---p 00000000 00:00 0 
7f6e04000000-7f6e04021000 rw-p 00000000 00:00 0 
7f6e04021000-7f6e08000000 ---p 00000000 00:00 0 
7f6e08000000-7f6e082df000 rw-p 00000000 00:00 0 
7f6e082df000-7f6e0c000000 ---p 00000000 00:00 0 
7f6e0c000000-7f6e0c021000 rw-p 00000000 00:00 0 
7f6e0c021000-7f6e10000000 ---p 00000000 00:00 0 
7f6e10000000-7f6e10021000 rw-p 00000000 00:00 0 
7f6e10021000-7f6e14000000 ---p 00000000 00:00 0 
7f6e14000000-7f6e14021000 rw-p 00000000 00:00 0 
7f6e14021000-7f6e18000000 ---p 00000000 00:00 0 
7f6e18000000-7f6e18021000 rw-p 00000000 00:00 0 
7f6e18021000-7f6e1c000000 ---p 00000000 00:00 0 
7f6e1c000000-7f6e1c869000 rw-p 00000000 00:00 0 
7f6e1c869000-7f6e20000000 ---p 00000000 00:00 0 
7f6e20000000-7f6e20d19000 rw-p 00000000 00:00 0 
7f6e20d19000-7f6e24000000 ---p 00000000 00:00 0 
7f6e24000000-7f6e24eff000 rw-p 00000000 00:00 0 
7f6e24eff000-7f6e28000000 ---p 00000000 00:00 0 
7f6e2b828000-7f6e37ffa000 r--p 00000000 fd:00 1980722                    /usr/lib/locale/locale-archive
7f6e38000000-7f6e38021000 rw-p 00000000 00:00 0 
7f6e38021000-7f6e3c000000 ---p 00000000 00:00 0 
7f6e3c000000-7f6e3c021000 rw-p 00000000 00:00 0 
7f6e3c021000-7f6e40000000 ---p 00000000 00:00 0 
7f6e40000000-7f6e40021000 rw-p 00000000 00:00 0 
7f6e40021000-7f6e44000000 ---p 00000000 00:00 0 
7f6e46880000-7f6e4c000000 rw-p 00000000 00:00 0 
7f6e4c000000-7f6e4c021000 rw-p 00000000 00:00 0 
7f6e4c021000-7f6e50000000 ---p 00000000 00:00 0 
7f6e50000000-7f6e50021000 rw-p 00000000 00:00 0 
7f6e50021000-7f6e54000000 ---p 00000000 00:00 0 
7f6e54000000-7f6e54021000 rw-p 00000000 00:00 0 
7f6e54021000-7f6e58000000 ---p 00000000 00:00 0 
7f6e5a94f000-7f6e5aacf000 rw-p 00000000 00:00 0 
7f6e5aacf000-7f6e5ab4f000 ---p 00000000 00:00 0 
7f6e5ab4f000-7f6e5ad4f000 rw-p 00000000 00:00 0 
7f6e5ad4f000-7f6e5ad52000 ---p 00000000 00:00 0 
7f6e5ad52000-7f6e5b050000 rw-p 00000000 00:00 0 
7f6e5b050000-7f6e5b0b7000 r-xp 00000000 fd:00 1980288                    /usr/lib64/libjpeg.so.62.2.0
7f6e5b0b7000-7f6e5b2b6000 ---p 00067000 fd:00 1980288                    /usr/lib64/libjpeg.so.62.2.0
7f6e5b2b6000-7f6e5b2b7000 r--p 00066000 fd:00 1980288                    /usr/lib64/libjpeg.so.62.2.0
7f6e5b2b7000-7f6e5b2b8000 rw-p 00067000 fd:00 1980288                    /usr/lib64/libjpeg.so.62.2.0
7f6e5b2b8000-7f6e5b2c2000 r-xp 00000000 fd:00 1982719                    /usr/lib/jvm/java-1.8.0-openjdk-1.8.0.171-4.b10.fc28.x86_64/jre/lib/amd64/libjavajpeg.so
7f6e5b2c2000-7f6e5b4c1000 ---p 0000a000 fd:00 1982719                    /usr/lib/jvm/java-1.8.0-openjdk-1.8.0.171-4.b10.fc28.x86_64/jre/lib/amd64/libjavajpeg.so
7f6e5b4c1000-7f6e5b4c2000 r--p 00009000 fd:00 1982719                    /usr/lib/jvm/java-1.8.0-openjdk-1.8.0.171-4.b10.fc28.x86_64/jre/lib/amd64/libjavajpeg.so
7f6e5b4c2000-7f6e5b4c3000 rw-p 00000000 00:00 0 
7f6e5b4c8000-7f6e5b6c8000 rw-p 00000000 00:00 0 
7f6e5b6c8000-7f6e5b6da000 r-xp 00000000 fd:00 1982728                    /usr/lib/jvm/java-1.8.0-openjdk-1.8.0.171-4.b10.fc28.x86_64/jre/lib/amd64/libnio.so
7f6e5b6da000-7f6e5b8d9000 ---p 00012000 fd:00 1982728                    /usr/lib/jvm/java-1.8.0-openjdk-1.8.0.171-4.b10.fc28.x86_64/jre/lib/amd64/libnio.so
7f6e5b8d9000-7f6e5b8da000 r--p 00011000 fd:00 1982728                    /usr/lib/jvm/java-1.8.0-openjdk-1.8.0.171-4.b10.fc28.x86_64/jre/lib/amd64/libnio.so
7f6e5b8da000-7f6e5b8db000 rw-p 00012000 fd:00 1982728                    /usr/lib/jvm/java-1.8.0-openjdk-1.8.0.171-4.b10.fc28.x86_64/jre/lib/amd64/libnio.so
7f6e5b8e0000-7f6e5b8f7000 r-xp 00000000 fd:00 1982727                    /usr/lib/jvm/java-1.8.0-openjdk-1.8.0.171-4.b10.fc28.x86_64/jre/lib/amd64/libnet.so
7f6e5b8f7000-7f6e5baf6000 ---p 00017000 fd:00 1982727                    /usr/lib/jvm/java-1.8.0-openjdk-1.8.0.171-4.b10.fc28.x86_64/jre/lib/amd64/libnet.so
7f6e5baf6000-7f6e5baf7000 r--p 00016000 fd:00 1982727                    /usr/lib/jvm/java-1.8.0-openjdk-1.8.0.171-4.b10.fc28.x86_64/jre/lib/amd64/libnet.so
7f6e5baf7000-7f6e5baf8000 rw-p 00017000 fd:00 1982727                    /usr/lib/jvm/java-1.8.0-openjdk-1.8.0.171-4.b10.fc28.x86_64/jre/lib/amd64/libnet.so
7f6e5bafd000-7f6e5bcfd000 rw-p 00000000 00:00 0 
7f6e5bcfd000-7f6e5bd00000 ---p 00000000 00:00 0 
7f6e5bd00000-7f6e5bdfe000 rw-p 00000000 00:00 0 
7f6e5bdfe000-7f6e5be01000 ---p 00000000 00:00 0 
7f6e5be01000-7f6e5beff000 rw-p 00000000 00:00 0 
7f6e5beff000-7f6e5bf02000 ---p 00000000 00:00 0 
7f6e5bf02000-7f6e5c000000 rw-p 00000000 00:00 0 
7f6e5c000000-7f6e5c021000 rw-p 00000000 00:00 0 
7f6e5c021000-7f6e60000000 ---p 00000000 00:00 0 
7f6e600a7000-7f6e600d8000 rw-p 00000000 00:00 0 
7f6e600d8000-7f6e600dd000 r-xp 00000000 fd:00 1979792                    /usr/lib64/libXfixes.so.3.1.0
7f6e600dd000-7f6e602dc000 ---p 00005000 fd:00 1979792                    /usr/lib64/libXfixes.so.3.1.0
7f6e602dc000-7f6e602dd000 r--p 00004000 fd:00 1979792                    /usr/lib64/libXfixes.so.3.1.0
7f6e602dd000-7f6e602de000 rw-p 00005000 fd:00 1979792                    /usr/lib64/libXfixes.so.3.1.0
7f6e602e0000-7f6e602e9000 r-xp 00000000 fd:00 1979788                    /usr/lib64/libXcursor.so.1.0.2
7f6e602e9000-7f6e604e9000 ---p 00009000 fd:00 1979788                    /usr/lib64/libXcursor.so.1.0.2
7f6e604e9000-7f6e604ea000 r--p 00009000 fd:00 1979788                    /usr/lib64/libXcursor.so.1.0.2
7f6e604ea000-7f6e604eb000 rw-p 00000000 00:00 0 
7f6e6050f000-7f6e60512000 ---p 00000000 00:00 0 
7f6e60512000-7f6e60610000 rw-p 00000000 00:00 0 
7f6e60610000-7f6e60643000 r-xp 00000000 fd:00 1980497                    /usr/lib64/libpng16.so.16.34.0
7f6e60643000-7f6e60842000 ---p 00033000 fd:00 1980497                    /usr/lib64/libpng16.so.16.34.0
7f6e60842000-7f6e60843000 r--p 00032000 fd:00 1980497                    /usr/lib64/libpng16.so.16.34.0
7f6e60843000-7f6e60844000 rw-p 00000000 00:00 0 
7f6e60848000-7f6e60858000 r-xp 00000000 fd:00 1979897                    /usr/lib64/libbz2.so.1.0.6
7f6e60858000-7f6e60a57000 ---p 00010000 fd:00 1979897                    /usr/lib64/libbz2.so.1.0.6
7f6e60a57000-7f6e60a58000 r--p 0000f000 fd:00 1979897                    /usr/lib64/libbz2.so.1.0.6
7f6e60a58000-7f6e60a59000 rw-p 00010000 fd:00 1979897                    /usr/lib64/libbz2.so.1.0.6
7f6e60a60000-7f6e60b0f000 r-xp 00000000 fd:00 1980076                    /usr/lib64/libfreetype.so.6.14.0
7f6e60b0f000-7f6e60d0f000 ---p 000af000 fd:00 1980076                    /usr/lib64/libfreetype.so.6.14.0
7f6e60d0f000-7f6e60d16000 r--p 000af000 fd:00 1980076                    /usr/lib64/libfreetype.so.6.14.0
7f6e60d16000-7f6e60d17000 rw-p 00000000 00:00 0 
7f6e60d38000-7f6e60d8b000 r-xp 00000000 fd:00 1982710                    /usr/lib/jvm/java-1.8.0-openjdk-1.8.0.171-4.b10.fc28.x86_64/jre/lib/amd64/libfontmanager.so
7f6e60d8b000-7f6e60f8a000 ---p 00053000 fd:00 1982710                    /usr/lib/jvm/java-1.8.0-openjdk-1.8.0.171-4.b10.fc28.x86_64/jre/lib/amd64/libfontmanager.so
7f6e60f8a000-7f6e60f8d000 r--p 00052000 fd:00 1982710                    /usr/lib/jvm/java-1.8.0-openjdk-1.8.0.171-4.b10.fc28.x86_64/jre/lib/amd64/libfontmanager.so
7f6e60f8d000-7f6e60f8e000 rw-p 00055000 fd:00 1982710                    /usr/lib/jvm/java-1.8.0-openjdk-1.8.0.171-4.b10.fc28.x86_64/jre/lib/amd64/libfontmanager.so
7f6e60f90000-7f6e60f92000 r-xp 00000000 fd:00 1979786                    /usr/lib64/libXau.so.6.0.0
7f6e60f92000-7f6e61192000 ---p 00002000 fd:00 1979786                    /usr/lib64/libXau.so.6.0.0
7f6e61192000-7f6e61193000 r--p 00002000 fd:00 1979786                    /usr/lib64/libXau.so.6.0.0
7f6e61193000-7f6e61194000 rw-p 00000000 00:00 0 
7f6e61198000-7f6e611bf000 r-xp 00000000 fd:00 1980788                    /usr/lib64/libxcb.so.1.1.0
7f6e611bf000-7f6e613bf000 ---p 00027000 fd:00 1980788                    /usr/lib64/libxcb.so.1.1.0
7f6e613bf000-7f6e613c0000 r--p 00027000 fd:00 1980788                    /usr/lib64/libxcb.so.1.1.0
7f6e613c0000-7f6e613c1000 rw-p 00028000 fd:00 1980788                    /usr/lib64/libxcb.so.1.1.0
7f6e613c8000-7f6e613d8000 r-xp 00000000 fd:00 1979795                    /usr/lib64/libXi.so.6.1.0
7f6e613d8000-7f6e615d7000 ---p 00010000 fd:00 1979795                    /usr/lib64/libXi.so.6.1.0
7f6e615d7000-7f6e615d8000 r--p 0000f000 fd:00 1979795                    /usr/lib64/libXi.so.6.1.0
7f6e615d8000-7f6e615d9000 rw-p 00010000 fd:00 1979795                    /usr/lib64/libXi.so.6.1.0
7f6e615e0000-7f6e615e5000 r-xp 00000000 fd:00 1979803                    /usr/lib64/libXtst.so.6.1.0
7f6e615e5000-7f6e617e4000 ---p 00005000 fd:00 1979803                    /usr/lib64/libXtst.so.6.1.0
7f6e617e4000-7f6e617e5000 r--p 00004000 fd:00 1979803                    /usr/lib64/libXtst.so.6.1.0
7f6e617e5000-7f6e617e6000 rw-p 00005000 fd:00 1979803                    /usr/lib64/libXtst.so.6.1.0
7f6e617e8000-7f6e617ea000 r-xp 00000000 fd:00 1979787                    /usr/lib64/libXcomposite.so.1.0.0
7f6e617ea000-7f6e619e9000 ---p 00002000 fd:00 1979787                    /usr/lib64/libXcomposite.so.1.0.0
7f6e619e9000-7f6e619ea000 r--p 00001000 fd:00 1979787                    /usr/lib64/libXcomposite.so.1.0.0
7f6e619ea000-7f6e619eb000 rw-p 00000000 00:00 0 
7f6e619f0000-7f6e619f9000 r-xp 00000000 fd:00 1979801                    /usr/lib64/libXrender.so.1.3.0
7f6e619f9000-7f6e61bf9000 ---p 00009000 fd:00 1979801                    /usr/lib64/libXrender.so.1.3.0
7f6e61bf9000-7f6e61bfa000 r--p 00009000 fd:00 1979801                    /usr/lib64/libXrender.so.1.3.0
7f6e61bfa000-7f6e61bfb000 rw-p 0000a000 fd:00 1979801                    /usr/lib64/libXrender.so.1.3.0
7f6e61c00000-7f6e61d3a000 r-xp 00000000 fd:00 1979784                    /usr/lib64/libX11.so.6.3.0
7f6e61d3a000-7f6e61f3a000 ---p 0013a000 fd:00 1979784                    /usr/lib64/libX11.so.6.3.0
7f6e61f3a000-7f6e61f3d000 r--p 0013a000 fd:00 1979784                    /usr/lib64/libX11.so.6.3.0
7f6e61f3d000-7f6e61f41000 rw-p 0013d000 fd:00 1979784                    /usr/lib64/libX11.so.6.3.0
7f6e61f48000-7f6e61f59000 r-xp 00000000 fd:00 1979791                    /usr/lib64/libXext.so.6.4.0
7f6e61f59000-7f6e62158000 ---p 00011000 fd:00 1979791                    /usr/lib64/libXext.so.6.4.0
7f6e62158000-7f6e62159000 r--p 00010000 fd:00 1979791                    /usr/lib64/libXext.so.6.4.0
7f6e62159000-7f6e6215a000 rw-p 00011000 fd:00 1979791                    /usr/lib64/libXext.so.6.4.0
7f6e62166000-7f6e62179000 r--s 00346000 fd:00 1982614                    /usr/lib/jvm/java-1.8.0-openjdk-1.8.0.171-4.b10.fc28.x86_64/jre/lib/resources.jar
7f6e62180000-7f6e621d4000 r-xp 00000000 fd:00 1982787                    /usr/lib/jvm/java-1.8.0-openjdk-1.8.0.171-4.b10.fc28.x86_64/jre/lib/amd64/libawt_xawt.so
7f6e621d4000-7f6e623d4000 ---p 00054000 fd:00 1982787                    /usr/lib/jvm/java-1.8.0-openjdk-1.8.0.171-4.b10.fc28.x86_64/jre/lib/amd64/libawt_xawt.so
7f6e623d4000-7f6e623d5000 r--p 00054000 fd:00 1982787                    /usr/lib/jvm/java-1.8.0-openjdk-1.8.0.171-4.b10.fc28.x86_64/jre/lib/amd64/libawt_xawt.so
7f6e623d5000-7f6e623d7000 rw-p 00055000 fd:00 1982787                    /usr/lib/jvm/java-1.8.0-openjdk-1.8.0.171-4.b10.fc28.x86_64/jre/lib/amd64/libawt_xawt.so
7f6e623d7000-7f6e623d9000 rw-p 00000000 00:00 0 
7f6e623e0000-7f6e62480000 r-xp 00000000 fd:00 1982707                    /usr/lib/jvm/java-1.8.0-openjdk-1.8.0.171-4.b10.fc28.x86_64/jre/lib/amd64/libawt.so
7f6e62480000-7f6e62680000 ---p 000a0000 fd:00 1982707                    /usr/lib/jvm/java-1.8.0-openjdk-1.8.0.171-4.b10.fc28.x86_64/jre/lib/amd64/libawt.so
7f6e62680000-7f6e62681000 r--p 000a0000 fd:00 1982707                    /usr/lib/jvm/java-1.8.0-openjdk-1.8.0.171-4.b10.fc28.x86_64/jre/lib/amd64/libawt.so
7f6e62681000-7f6e6268c000 rw-p 000a1000 fd:00 1982707                    /usr/lib/jvm/java-1.8.0-openjdk-1.8.0.171-4.b10.fc28.x86_64/jre/lib/amd64/libawt.so
7f6e6268c000-7f6e626b1000 rw-p 00000000 00:00 0 
7f6e626b6000-7f6e626b7000 ---p 00000000 00:00 0 
7f6e626b7000-7f6e627b7000 rw-p 00000000 00:00 0 
7f6e627b7000-7f6e627ba000 ---p 00000000 00:00 0 
7f6e627ba000-7f6e628b8000 rw-p 00000000 00:00 0 
7f6e628b8000-7f6e628b9000 ---p 00000000 00:00 0 
7f6e628b9000-7f6e628bc000 ---p 00000000 00:00 0 
7f6e628bc000-7f6e629b9000 rw-p 00000000 00:00 0 
7f6e629b9000-7f6e629ba000 ---p 00000000 00:00 0 
7f6e629ba000-7f6e629bd000 ---p 00000000 00:00 0 
7f6e629bd000-7f6e62aba000 rw-p 00000000 00:00 0 
7f6e62aba000-7f6e62abb000 ---p 00000000 00:00 0 
7f6e62abb000-7f6e62abe000 ---p 00000000 00:00 0 
7f6e62abe000-7f6e62bbb000 rw-p 00000000 00:00 0 
7f6e62bbb000-7f6e62bbe000 ---p 00000000 00:00 0 
7f6e62bbe000-7f6e62cbc000 rw-p 00000000 00:00 0 
7f6e62cbc000-7f6e62cbf000 ---p 00000000 00:00 0 
7f6e62cbf000-7f6e62dbd000 rw-p 00000000 00:00 0 
7f6e62dbd000-7f6e62dc0000 ---p 00000000 00:00 0 
7f6e62dc0000-7f6e62ebe000 rw-p 00000000 00:00 0 
7f6e62ebe000-7f6e62ebf000 ---p 00000000 00:00 0 
7f6e62ebf000-7f6e63e30000 rw-p 00000000 00:00 0 
7f6e63e30000-7f6e63ffe000 r--s 04410000 fd:00 1982773                    /usr/lib/jvm/java-1.8.0-openjdk-1.8.0.171-4.b10.fc28.x86_64/jre/lib/rt.jar
7f6e64000000-7f6e64021000 rw-p 00000000 00:00 0 
7f6e64021000-7f6e68000000 ---p 00000000 00:00 0 
7f6e68017000-7f6e68eff000 rw-p 00000000 00:00 0 
7f6e68eff000-7f6e68f00000 ---p 00000000 00:00 0 
7f6e68f00000-7f6e69000000 rw-p 00000000 00:00 0 
7f6e69000000-7f6e69700000 rwxp 00000000 00:00 0 
7f6e69700000-7f6e78000000 ---p 00000000 00:00 0 
7f6e78000000-7f6e7839e000 rw-p 00000000 00:00 0 
7f6e7839e000-7f6e7c000000 ---p 00000000 00:00 0 
7f6e7c010000-7f6e7c013000 rw-s 00000000 00:05 1321009198                 /SYSV00000000 (deleted)
7f6e7c018000-7f6e7c08e000 rw-p 00000000 00:00 0 
7f6e7c08e000-7f6e7c08f000 ---p 00000000 00:00 0 
7f6e7c08f000-7f6e7c18f000 rw-p 00000000 00:00 0 
7f6e7c18f000-7f6e7c190000 ---p 00000000 00:00 0 
7f6e7c190000-7f6e7c290000 rw-p 00000000 00:00 0 
7f6e7c290000-7f6e7c291000 ---p 00000000 00:00 0 
7f6e7c291000-7f6e7c3cc000 rw-p 00000000 00:00 0 
7f6e7c3cc000-7f6e7c737000 ---p 00000000 00:00 0 
7f6e7c737000-7f6e7c772000 rw-p 00000000 00:00 0 
7f6e7c772000-7f6e7cadc000 ---p 00000000 00:00 0 
7f6e7cadc000-7f6e7cafa000 rw-p 00000000 00:00 0 
7f6e7cafa000-7f6e7ccaf000 ---p 00000000 00:00 0 
7f6e7ccaf000-7f6e7cccc000 rw-p 00000000 00:00 0 
7f6e7cccc000-7f6e7d070000 ---p 00000000 00:00 0 
7f6e7d070000-7f6e7d078000 r-xp 00000000 fd:00 1982735                    /usr/lib/jvm/java-1.8.0-openjdk-1.8.0.171-4.b10.fc28.x86_64/jre/lib/amd64/libzip.so
7f6e7d078000-7f6e7d277000 ---p 00008000 fd:00 1982735                    /usr/lib/jvm/java-1.8.0-openjdk-1.8.0.171-4.b10.fc28.x86_64/jre/lib/amd64/libzip.so
7f6e7d277000-7f6e7d278000 r--p 00007000 fd:00 1982735                    /usr/lib/jvm/java-1.8.0-openjdk-1.8.0.171-4.b10.fc28.x86_64/jre/lib/amd64/libzip.so
7f6e7d278000-7f6e7d279000 rw-p 00000000 00:00 0 
7f6e7d280000-7f6e7d28b000 r-xp 00000000 fd:00 1974706                    /usr/lib64/libnss_files-2.27.so
7f6e7d28b000-7f6e7d48a000 ---p 0000b000 fd:00 1974706                    /usr/lib64/libnss_files-2.27.so
7f6e7d48a000-7f6e7d48b000 r--p 0000a000 fd:00 1974706                    /usr/lib64/libnss_files-2.27.so
7f6e7d48b000-7f6e7d48c000 rw-p 0000b000 fd:00 1974706                    /usr/lib64/libnss_files-2.27.so
7f6e7d48c000-7f6e7d492000 rw-p 00000000 00:00 0 
7f6e7d498000-7f6e7d4a0000 r-xp 00000000 fd:00 1989071                    /usr/lib64/libnss_sss.so.2
7f6e7d4a0000-7f6e7d69f000 ---p 00008000 fd:00 1989071                    /usr/lib64/libnss_sss.so.2
7f6e7d69f000-7f6e7d6a0000 r--p 00007000 fd:00 1989071                    /usr/lib64/libnss_sss.so.2
7f6e7d6a0000-7f6e7d6a1000 rw-p 00008000 fd:00 1989071                    /usr/lib64/libnss_sss.so.2
7f6e7d6a8000-7f6e7d6d5000 r-xp 00000000 fd:00 1982717                    /usr/lib/jvm/java-1.8.0-openjdk-1.8.0.171-4.b10.fc28.x86_64/jre/lib/amd64/libjava.so
7f6e7d6d5000-7f6e7d8d5000 ---p 0002d000 fd:00 1982717                    /usr/lib/jvm/java-1.8.0-openjdk-1.8.0.171-4.b10.fc28.x86_64/jre/lib/amd64/libjava.so
7f6e7d8d5000-7f6e7d8d6000 r--p 0002d000 fd:00 1982717                    /usr/lib/jvm/java-1.8.0-openjdk-1.8.0.171-4.b10.fc28.x86_64/jre/lib/amd64/libjava.so
7f6e7d8d6000-7f6e7d8d7000 rw-p 0002e000 fd:00 1982717                    /usr/lib/jvm/java-1.8.0-openjdk-1.8.0.171-4.b10.fc28.x86_64/jre/lib/amd64/libjava.so
7f6e7d8d7000-7f6e7d8d8000 rw-p 00000000 00:00 0 
7f6e7d8d8000-7f6e7d8e5000 r-xp 00000000 fd:00 1982734                    /usr/lib/jvm/java-1.8.0-openjdk-1.8.0.171-4.b10.fc28.x86_64/jre/lib/amd64/libverify.so
7f6e7d8e5000-7f6e7dae5000 ---p 0000d000 fd:00 1982734                    /usr/lib/jvm/java-1.8.0-openjdk-1.8.0.171-4.b10.fc28.x86_64/jre/lib/amd64/libverify.so
7f6e7dae5000-7f6e7dae7000 r--p 0000d000 fd:00 1982734                    /usr/lib/jvm/java-1.8.0-openjdk-1.8.0.171-4.b10.fc28.x86_64/jre/lib/amd64/libverify.so
7f6e7dae7000-7f6e7dae8000 rw-p 00000000 00:00 0 
7f6e7dae8000-7f6e7daef000 r-xp 00000000 fd:00 1974720                    /usr/lib64/librt-2.27.so
7f6e7daef000-7f6e7dcee000 ---p 00007000 fd:00 1974720                    /usr/lib64/librt-2.27.so
7f6e7dcee000-7f6e7dcef000 r--p 00006000 fd:00 1974720                    /usr/lib64/librt-2.27.so
7f6e7dcef000-7f6e7dcf0000 rw-p 00007000 fd:00 1974720                    /usr/lib64/librt-2.27.so
7f6e7dcf0000-7f6e7dd07000 r-xp 00000000 fd:00 1987130                    /usr/lib64/libgcc_s-8-20180502.so.1
7f6e7dd07000-7f6e7df06000 ---p 00017000 fd:00 1987130                    /usr/lib64/libgcc_s-8-20180502.so.1
7f6e7df06000-7f6e7df07000 r--p 00016000 fd:00 1987130                    /usr/lib64/libgcc_s-8-20180502.so.1
7f6e7df07000-7f6e7df08000 rw-p 00017000 fd:00 1987130                    /usr/lib64/libgcc_s-8-20180502.so.1
7f6e7df08000-7f6e7e09a000 r-xp 00000000 fd:00 1974687                    /usr/lib64/libm-2.27.so
7f6e7e09a000-7f6e7e29a000 ---p 00192000 fd:00 1974687                    /usr/lib64/libm-2.27.so
7f6e7e29a000-7f6e7e29b000 r--p 00192000 fd:00 1974687                    /usr/lib64/libm-2.27.so
7f6e7e29b000-7f6e7e29c000 rw-p 00193000 fd:00 1974687                    /usr/lib64/libm-2.27.so
7f6e7e2a0000-7f6e7e422000 r-xp 00000000 fd:00 1979371                    /usr/lib64/libstdc++.so.6.0.25
7f6e7e422000-7f6e7e622000 ---p 00182000 fd:00 1979371                    /usr/lib64/libstdc++.so.6.0.25
7f6e7e622000-7f6e7e62c000 r--p 00182000 fd:00 1979371                    /usr/lib64/libstdc++.so.6.0.25
7f6e7e62c000-7f6e7e62e000 rw-p 0018c000 fd:00 1979371                    /usr/lib64/libstdc++.so.6.0.25
7f6e7e62e000-7f6e7e632000 rw-p 00000000 00:00 0 
7f6e7e638000-7f6e7f2e3000 r-xp 00000000 fd:00 1982739                    /usr/lib/jvm/java-1.8.0-openjdk-1.8.0.171-4.b10.fc28.x86_64/jre/lib/amd64/server/libjvm.so
7f6e7f2e3000-7f6e7f4e2000 ---p 00cab000 fd:00 1982739                    /usr/lib/jvm/java-1.8.0-openjdk-1.8.0.171-4.b10.fc28.x86_64/jre/lib/amd64/server/libjvm.so
7f6e7f4e2000-7f6e7f57f000 r--p 00caa000 fd:00 1982739                    /usr/lib/jvm/java-1.8.0-openjdk-1.8.0.171-4.b10.fc28.x86_64/jre/lib/amd64/server/libjvm.so
7f6e7f57f000-7f6e7f5a8000 rw-p 00d47000 fd:00 1982739                    /usr/lib/jvm/java-1.8.0-openjdk-1.8.0.171-4.b10.fc28.x86_64/jre/lib/amd64/server/libjvm.so
7f6e7f5a8000-7f6e7f5d8000 rw-p 00000000 00:00 0 
7f6e7f5d8000-7f6e7f78d000 r-xp 00000000 fd:00 1974682                    /usr/lib64/libc-2.27.so
7f6e7f78d000-7f6e7f98d000 ---p 001b5000 fd:00 1974682                    /usr/lib64/libc-2.27.so
7f6e7f98d000-7f6e7f991000 r--p 001b5000 fd:00 1974682                    /usr/lib64/libc-2.27.so
7f6e7f991000-7f6e7f993000 rw-p 001b9000 fd:00 1974682                    /usr/lib64/libc-2.27.so
7f6e7f993000-7f6e7f997000 rw-p 00000000 00:00 0 
7f6e7f998000-7f6e7f99b000 r-xp 00000000 fd:00 1974684                    /usr/lib64/libdl-2.27.so
7f6e7f99b000-7f6e7fb9a000 ---p 00003000 fd:00 1974684                    /usr/lib64/libdl-2.27.so
7f6e7fb9a000-7f6e7fb9b000 r--p 00002000 fd:00 1974684                    /usr/lib64/libdl-2.27.so
7f6e7fb9b000-7f6e7fb9c000 rw-p 00003000 fd:00 1974684                    /usr/lib64/libdl-2.27.so
7f6e7fba0000-7f6e7fbae000 r-xp 00000000 fd:00 1982845                    /usr/lib/jvm/java-1.8.0-openjdk-1.8.0.171-4.b10.fc28.x86_64/lib/amd64/jli/libjli.so
7f6e7fbae000-7f6e7fdad000 ---p 0000e000 fd:00 1982845                    /usr/lib/jvm/java-1.8.0-openjdk-1.8.0.171-4.b10.fc28.x86_64/lib/amd64/jli/libjli.so
7f6e7fdad000-7f6e7fdae000 r--p 0000d000 fd:00 1982845                    /usr/lib/jvm/java-1.8.0-openjdk-1.8.0.171-4.b10.fc28.x86_64/lib/amd64/jli/libjli.so
7f6e7fdae000-7f6e7fdaf000 rw-p 00000000 00:00 0 
7f6e7fdb0000-7f6e7fdc6000 r-xp 00000000 fd:00 1979576                    /usr/lib64/libz.so.1.2.11
7f6e7fdc6000-7f6e7ffc5000 ---p 00016000 fd:00 1979576                    /usr/lib64/libz.so.1.2.11
7f6e7ffc5000-7f6e7ffc6000 r--p 00015000 fd:00 1979576                    /usr/lib64/libz.so.1.2.11
7f6e7ffc6000-7f6e7ffc7000 rw-p 00000000 00:00 0 
7f6e7ffc8000-7f6e7ffe1000 r-xp 00000000 fd:00 1974713                    /usr/lib64/libpthread-2.27.so
7f6e7ffe1000-7f6e801e1000 ---p 00019000 fd:00 1974713                    /usr/lib64/libpthread-2.27.so
7f6e801e1000-7f6e801e2000 r--p 00019000 fd:00 1974713                    /usr/lib64/libpthread-2.27.so
7f6e801e2000-7f6e801e3000 rw-p 0001a000 fd:00 1974713                    /usr/lib64/libpthread-2.27.so
7f6e801e3000-7f6e801e7000 rw-p 00000000 00:00 0 
7f6e801e8000-7f6e8020f000 r-xp 00000000 fd:00 1974668                    /usr/lib64/ld-2.27.so
7f6e80216000-7f6e8021b000 r--s 000b6000 fd:00 1982762                    /usr/lib/jvm/java-1.8.0-openjdk-1.8.0.171-4.b10.fc28.x86_64/jre/lib/jsse.jar
7f6e8021f000-7f6e80221000 r--s 00007000 fd:02 13370999                   /home/mizar/Downloads/JDatePicker-1.3.2-dist/jdatepicker-1.3.2.jar
7f6e80225000-7f6e80300000 rw-p 00000000 00:00 0 
7f6e80300000-7f6e80308000 rw-s 00000000 00:2c 19700708                   /tmp/hsperfdata_mizar/3012
7f6e8030d000-7f6e8030e000 ---p 00000000 00:00 0 
7f6e8030e000-7f6e80311000 ---p 00000000 00:00 0 
7f6e80311000-7f6e8040e000 rw-p 00000000 00:00 0 
7f6e8040e000-7f6e8040f000 r--p 00026000 fd:00 1974668                    /usr/lib64/ld-2.27.so
7f6e8040f000-7f6e80410000 rw-p 00027000 fd:00 1974668                    /usr/lib64/ld-2.27.so
7f6e80410000-7f6e80411000 rw-p 00000000 00:00 0 
7f6e80412000-7f6e80413000 rw-p 00000000 00:00 0 
7f6e80413000-7f6e80414000 r--p 00000000 00:00 0 
7f6e80414000-7f6e80418000 rw-p 00000000 00:00 0 
7fff4a3b0000-7fff4a3d2000 rw-p 00000000 00:00 0                          [stack]
7fff4a3d8000-7fff4a3db000 r--p 00000000 00:00 0                          [vvar]
7fff4a3db000-7fff4a3dd000 r-xp 00000000 00:00 0                          [vdso]
ffffffffff600000-ffffffffff601000 r-xp 00000000 00:00 0                  [vsyscall]

VM Arguments:
jvm_args: -Dfile.encoding=UTF-8 
java_command: control.Controller
java_class_path (initial): /home/mizar/Downloads/JDatePicker-1.3.2-dist/jdatepicker-1.3.2.jar:/home/mizar/Downloads/cloning-master/target/classes:/home/mizar/Downloads/objenesis-2.6-bin/objenesis-2.6/objenesis-2.6.jar:/home/mizar/Desktop/gestion-de-contactos/GestorContactos/build/classes
Launcher Type: SUN_STANDARD

Environment Variables:
PATH=/usr/share/Modules/bin:/usr/local/bin:/usr/local/sbin:/usr/bin:/usr/sbin:/home/mizar/.local/bin:/home/mizar/bin:/usr/lib/postgresql/10/bin:/home/mizar/.local/bin:/home/mizar/bin:/usr/local/android-studio/bin
USERNAME=mizar
LD_LIBRARY_PATH=/usr/lib/jvm/java-1.8.0-openjdk-1.8.0.171-4.b10.fc28.x86_64//jre/lib/amd64:/usr/lib/jvm/java-1.8.0-openjdk-1.8.0.171-4.b10.fc28.x86_64//jre/lib/i386:
SHELL=/bin/bash
DISPLAY=:0

Signal Handlers:
SIGSEGV: [libjvm.so+0xadb3d0], sa_mask[0]=11111111011111111101111111111110, sa_flags=SA_RESTART|SA_SIGINFO
SIGBUS: [libjvm.so+0xadb3d0], sa_mask[0]=11111111011111111101111111111110, sa_flags=SA_RESTART|SA_SIGINFO
SIGFPE: [libjvm.so+0x8beaa0], sa_mask[0]=11111111011111111101111111111110, sa_flags=SA_RESTART|SA_SIGINFO
SIGPIPE: [libjvm.so+0x8beaa0], sa_mask[0]=11111111011111111101111111111110, sa_flags=SA_RESTART|SA_SIGINFO
SIGXFSZ: [libjvm.so+0x8beaa0], sa_mask[0]=11111111011111111101111111111110, sa_flags=SA_RESTART|SA_SIGINFO
SIGILL: [libjvm.so+0x8beaa0], sa_mask[0]=11111111011111111101111111111110, sa_flags=SA_RESTART|SA_SIGINFO
SIGUSR1: SIG_DFL, sa_mask[0]=00000000000000000000000000000000, sa_flags=none
SIGUSR2: [libjvm.so+0x8be930], sa_mask[0]=00100000000000000000000000000000, sa_flags=SA_RESTART|SA_SIGINFO
SIGHUP: [libjvm.so+0x8beb60], sa_mask[0]=11111111011111111101111111111110, sa_flags=SA_RESTART|SA_SIGINFO
SIGINT: SIG_IGN, sa_mask[0]=00000000000000000000000000000000, sa_flags=none
SIGTERM: [libjvm.so+0x8beb60], sa_mask[0]=11111111011111111101111111111110, sa_flags=SA_RESTART|SA_SIGINFO
SIGQUIT: [libjvm.so+0x8beb60], sa_mask[0]=11111111011111111101111111111110, sa_flags=SA_RESTART|SA_SIGINFO


---------------  S Y S T E M  ---------------

OS:Fedora release 28 (Twenty Eight)

uname:Linux 4.16.13-300.fc28.x86_64 #1 SMP Wed May 30 14:31:00 UTC 2018 x86_64
libc:glibc 2.27 NPTL 2.27 
rlimit: STACK 8192k, CORE infinity, NPROC 43875, NOFILE 4096, AS infinity
load average:2.00 1.58 1.42

/proc/meminfo:
MemTotal:       11461360 kB
MemFree:         1789684 kB
MemAvailable:    6011532 kB
Buffers:          755828 kB
Cached:          2654324 kB
SwapCached:            0 kB
Active:          6314404 kB
Inactive:        2516592 kB
Active(anon):    4334520 kB
Inactive(anon):   142484 kB
Active(file):    1979884 kB
Inactive(file):  2374108 kB
Unevictable:           0 kB
Mlocked:               0 kB
SwapTotal:       5799932 kB
SwapFree:        5799932 kB
Dirty:              2424 kB
Writeback:             0 kB
AnonPages:       5420896 kB
Mapped:           683184 kB
Shmem:            292988 kB
Slab:             325352 kB
SReclaimable:     190900 kB
SUnreclaim:       134452 kB
KernelStack:       15952 kB
PageTables:        76788 kB
NFS_Unstable:          0 kB
Bounce:                0 kB
WritebackTmp:          0 kB
CommitLimit:    11530612 kB
Committed_AS:   12696812 kB
VmallocTotal:   34359738367 kB
VmallocUsed:           0 kB
VmallocChunk:          0 kB
HardwareCorrupted:     0 kB
AnonHugePages:         0 kB
ShmemHugePages:        0 kB
ShmemPmdMapped:        0 kB
CmaTotal:              0 kB
CmaFree:               0 kB
HugePages_Total:       0
HugePages_Free:        0
HugePages_Rsvd:        0
HugePages_Surp:        0
Hugepagesize:       2048 kB
Hugetlb:               0 kB
DirectMap4k:      896028 kB
DirectMap2M:     9791488 kB
DirectMap1G:     2097152 kB


CPU:total 4 (initial active 4) (4 cores per cpu, 1 threads per core) family 21 model 19 stepping 1, cmov, cx8, fxsr, mmx, sse, sse2, sse3, ssse3, sse4.1, sse4.2, popcnt, avx, aes, clmul, mmxext, 3dnowpref, lzcnt, sse4a, tsc, tscinvbit, tscinv, bmi1

/proc/cpuinfo:
processor	: 0
vendor_id	: AuthenticAMD
cpu family	: 21
model		: 19
model name	: AMD A10-5745M APU with Radeon(tm) HD Graphics
stepping	: 1
microcode	: 0x6001119
cpu MHz		: 2096.006
cache size	: 2048 KB
physical id	: 0
siblings	: 4
core id		: 0
cpu cores	: 2
apicid		: 16
initial apicid	: 0
fpu		: yes
fpu_exception	: yes
cpuid level	: 13
wp		: yes
flags		: fpu vme de pse tsc msr pae mce cx8 apic sep mtrr pge mca cmov pat pse36 clflush mmx fxsr sse sse2 ht syscall nx mmxext fxsr_opt pdpe1gb rdtscp lm constant_tsc rep_good nopl nonstop_tsc cpuid extd_apicid aperfmperf pni pclmulqdq monitor ssse3 fma cx16 sse4_1 sse4_2 popcnt aes xsave avx f16c lahf_lm cmp_legacy svm extapic cr8_legacy abm sse4a misalignsse 3dnowprefetch osvw ibs xop skinit wdt lwp fma4 tce nodeid_msr tbm topoext perfctr_core perfctr_nb cpb hw_pstate ssbd vmmcall bmi1 arat npt lbrv svm_lock nrip_save tsc_scale vmcb_clean flushbyasid decodeassists pausefilter pfthreshold
bugs		: fxsave_leak sysret_ss_attrs null_seg spectre_v1 spectre_v2 spec_store_bypass
bogomips	: 4192.22
TLB size	: 1536 4K pages
clflush size	: 64
cache_alignment	: 64
address sizes	: 48 bits physical, 48 bits virtual
power management: ts ttp tm 100mhzsteps hwpstate cpb eff_freq_ro

processor	: 1
vendor_id	: AuthenticAMD
cpu family	: 21
model		: 19
model name	: AMD A10-5745M APU with Radeon(tm) HD Graphics
stepping	: 1
microcode	: 0x6001119
cpu MHz		: 2096.135
cache size	: 2048 KB
physical id	: 0
siblings	: 4
core id		: 1
cpu cores	: 2
apicid		: 17
initial apicid	: 1
fpu		: yes
fpu_exception	: yes
cpuid level	: 13
wp		: yes
flags		: fpu vme de pse tsc msr pae mce cx8 apic sep mtrr pge mca cmov pat pse36 clflush mmx fxsr sse sse2 ht syscall nx mmxext fxsr_opt pdpe1gb rdtscp lm constant_tsc rep_good nopl nonstop_tsc cpuid extd_apicid aperfmperf pni pclmulqdq monitor ssse3 fma cx16 sse4_1 sse4_2 popcnt aes xsave avx f16c lahf_lm cmp_legacy svm extapic cr8_legacy abm sse4a misalignsse 3dnowprefetch osvw ibs xop skinit wdt lwp fma4 tce nodeid_msr tbm topoext perfctr_core perfctr_nb cpb hw_pstate ssbd vmmcall bmi1 arat npt lbrv svm_lock nrip_save tsc_scale vmcb_clean flushbyasid decodeassists pausefilter pfthreshold
bugs		: fxsave_leak sysret_ss_attrs null_seg spectre_v1 spectre_v2 spec_store_bypass
bogomips	: 4192.22
TLB size	: 1536 4K pages
clflush size	: 64
cache_alignment	: 64
address sizes	: 48 bits physical, 48 bits virtual
power management: ts ttp tm 100mhzsteps hwpstate cpb eff_freq_ro

processor	: 2
vendor_id	: AuthenticAMD
cpu family	: 21
model		: 19
model name	: AMD A10-5745M APU with Radeon(tm) HD Graphics
stepping	: 1
microcode	: 0x6001119
cpu MHz		: 1917.001
cache size	: 2048 KB
physical id	: 0
siblings	: 4
core id		: 2
cpu cores	: 2
apicid		: 18
initial apicid	: 2
fpu		: yes
fpu_exception	: yes
cpuid level	: 13
wp		: yes
flags		: fpu vme de pse tsc msr pae mce cx8 apic sep mtrr pge mca cmov pat pse36 clflush mmx fxsr sse sse2 ht syscall nx mmxext fxsr_opt pdpe1gb rdtscp lm constant_tsc rep_good nopl nonstop_tsc cpuid extd_apicid aperfmperf pni pclmulqdq monitor ssse3 fma cx16 sse4_1 sse4_2 popcnt aes xsave avx f16c lahf_lm cmp_legacy svm extapic cr8_legacy abm sse4a misalignsse 3dnowprefetch osvw ibs xop skinit wdt lwp fma4 tce nodeid_msr tbm topoext perfctr_core perfctr_nb cpb hw_pstate ssbd vmmcall bmi1 arat npt lbrv svm_lock nrip_save tsc_scale vmcb_clean flushbyasid decodeassists pausefilter pfthreshold
bugs		: fxsave_leak sysret_ss_attrs null_seg spectre_v1 spectre_v2 spec_store_bypass
bogomips	: 4192.22
TLB size	: 1536 4K pages
clflush size	: 64
cache_alignment	: 64
address sizes	: 48 bits physical, 48 bits virtual
power management: ts ttp tm 100mhzsteps hwpstate cpb eff_freq_ro

processor	: 3
vendor_id	: AuthenticAMD
cpu family	: 21
model		: 19
model name	: AMD A10-5745M APU with Radeon(tm) HD Graphics
stepping	: 1
microcode	: 0x6001119
cpu MHz		: 1930.623
cache size	: 2048 KB
physical id	: 0
siblings	: 4
core id		: 3
cpu cores	: 2
apicid		: 19
initial apicid	: 3
fpu		: yes
fpu_exception	: yes
cpuid level	: 13
wp		: yes
flags		: fpu vme de pse tsc msr pae mce cx8 apic sep mtrr pge mca cmov pat pse36 clflush mmx fxsr sse sse2 ht syscall nx mmxext fxsr_opt pdpe1gb rdtscp lm constant_tsc rep_good nopl nonstop_tsc cpuid extd_apicid aperfmperf pni pclmulqdq monitor ssse3 fma cx16 sse4_1 sse4_2 popcnt aes xsave avx f16c lahf_lm cmp_legacy svm extapic cr8_legacy abm sse4a misalignsse 3dnowprefetch osvw ibs xop skinit wdt lwp fma4 tce nodeid_msr tbm topoext perfctr_core perfctr_nb cpb hw_pstate ssbd vmmcall bmi1 arat npt lbrv svm_lock nrip_save tsc_scale vmcb_clean flushbyasid decodeassists pausefilter pfthreshold
bugs		: fxsave_leak sysret_ss_attrs null_seg spectre_v1 spectre_v2 spec_store_bypass
bogomips	: 4192.22
TLB size	: 1536 4K pages
clflush size	: 64
cache_alignment	: 64
address sizes	: 48 bits physical, 48 bits virtual
power management: ts ttp tm 100mhzsteps hwpstate cpb eff_freq_ro



Memory: 4k page, physical 11461360k(1790736k free), swap 5799932k(5799932k free)

vm_info: OpenJDK 64-Bit Server VM (25.171-b10) for linux-amd64 JRE (1.8.0_171-b10), built on Apr 25 2018 09:25:54 by "mockbuild" with gcc 8.0.1 20180324 (Red Hat 8.0.1-0.20)

time: Fri Jul 20 11:43:58 2018
elapsed time: 20 seconds (0d 0h 0m 20s)

